합계 71056
-rw-rw-r--  1 ubuntu ubuntu        0  4월  3 13:30 1test
-rw-rw-r--  1 ubuntu ubuntu        0  4월  3 13:30 Atest7
-r--r--r--  1 ubuntu ubuntu 72448981  2월 22 17:33 VMwareTools-10.0.10-4301679.tar.gz
-rw-rw-r--  1 ubuntu ubuntu        0  5월  9 09:00 at.out
drwxrwxr-x 14 ubuntu ubuntu     4096  5월  2 10:20 c_study
drwxrwxr-x  2 ubuntu ubuntu     4096  4월  3 13:34 ch3
drwxrwxr-x  3 ubuntu ubuntu     4096  4월 10 13:05 ch4
drwxrwxr-x  3 ubuntu ubuntu     4096  4월 10 14:30 ch5
-rw-r--r--  2 ubuntu ubuntu    19183  4월 10 15:13 data
-rw-r--r--  2 ubuntu ubuntu    19183  4월 10 15:13 data.ln
-rw-rw-r--  1 ubuntu ubuntu        0  4월 10 15:10 data1
-rw-r--r--  1 ubuntu ubuntu    19183  4월  3 13:09 data1.cp
-rw-r--r--  1 ubuntu ubuntu     8980  2월 22 15:23 examples.desktop
-rw-rw-r--  1 ubuntu ubuntu      255  3월 27 14:09 exec.txt
-rw-rw-r--  1 ubuntu ubuntu      145  3월 27 14:13 exec2.txt
-rw-rw-r--  1 ubuntu ubuntu        0  4월  3 13:28 h1234d
-rw-rw-r--  1 ubuntu ubuntu        0  4월  3 13:28 had
-rw-rw-r--  1 ubuntu ubuntu        0  4월  3 13:28 hard
-rw-rw-r--  1 ubuntu ubuntu        0  4월  3 13:28 hd
-rwxrwxr-x  1 ubuntu ubuntu     8304  3월 27 14:58 hello
-rw-rw-r--  1 ubuntu ubuntu       66  3월 27 14:58 hello.c
-rw-------  1 ubuntu ubuntu   110010  5월  8 13:31 nohup.out
-rw-rw-r--  1 ubuntu ubuntu     2754  4월 10 13:03 res
-rw-rw-r--  1 ubuntu ubuntu        0  4월  3 13:54 t
-rw-rw-r--  1 ubuntu ubuntu        0  4월  3 13:54 t.txt
-rw-rw-r--  1 ubuntu ubuntu        0  4월  3 13:54 t1.txt
-rw-rw-r--  1 ubuntu ubuntu        0  4월  3 13:54 t2.txt
-rw-rw-r--  1 ubuntu ubuntu        0  4월  3 13:54 t3.txt
-rw-rw-r--  1 ubuntu ubuntu        0  4월  3 13:54 test
-rw-rw-r--  1 ubuntu ubuntu      149  4월  3 13:54 test.txt
-rw-r--r--  1 ubuntu ubuntu    19183  4월  3 13:54 test2
drwxrwxr-x  3 ubuntu ubuntu     4096  4월  3 13:54 test22
drwxrwxr-x  2 ubuntu ubuntu     4096  4월 10 12:58 tmp
drwxrwxr-x  2 ubuntu ubuntu     4096  4월 10 15:01 tmp1
-rw-rw-r--  1 ubuntu ubuntu        0  4월  3 13:54 tmp1.txt
drwxrwxr-x  2 ubuntu ubuntu     4096  4월 10 15:01 tmp2
-rw-rw-r--  1 ubuntu ubuntu        0  4월  3 13:54 tmp3.txt
-rw-rw-r--  1 ubuntu ubuntu        0  4월  3 13:54 tmp5.txt
drwxr-xr-x  9 ubuntu ubuntu     4096  8월 26  2016 vmware-tools-distrib
drwxr-xr-x  2 ubuntu ubuntu     4096  2월 22 17:04 공개
drwxr-xr-x  2 ubuntu ubuntu     4096  2월 22 17:04 다운로드
drwxr-xr-x  2 ubuntu ubuntu     4096  2월 22 17:04 문서
drwxr-xr-x  2 ubuntu ubuntu     4096  2월 22 17:04 바탕화면
drwxr-xr-x  2 ubuntu ubuntu     4096  2월 22 17:04 비디오
drwxr-xr-x  2 ubuntu ubuntu     4096  2월 22 17:04 사진
drwxr-xr-x  2 ubuntu ubuntu     4096  2월 22 17:04 음악
drwxr-xr-x  2 ubuntu ubuntu     4096  2월 22 17:04 템플릿
